{"/home/yasusu/google-cloud-system/functions/src/index.js": {"path":"/home/yasusu/google-cloud-system/functions/src/index.js","statementMap":{"0":{"start":{"line":1,"column":18},"end":{"line":1,"column":50}},"1":{"start":{"line":2,"column":26},"end":{"line":2,"column":42}},"2":{"start":{"line":10,"column":0},"end":{"line":55,"column":2}},"3":{"start":{"line":11,"column":2},"end":{"line":54,"column":3}},"4":{"start":{"line":12,"column":29},"end":{"line":12,"column":37}},"5":{"start":{"line":14,"column":4},"end":{"line":19,"column":5}},"6":{"start":{"line":15,"column":6},"end":{"line":18,"column":9}},"7":{"start":{"line":22,"column":20},"end":{"line":22,"column":33}},"8":{"start":{"line":23,"column":22},"end":{"line":23,"column":44}},"9":{"start":{"line":24,"column":27},"end":{"line":24,"column":51}},"10":{"start":{"line":26,"column":4},"end":{"line":31,"column":5}},"11":{"start":{"line":27,"column":6},"end":{"line":30,"column":9}},"12":{"start":{"line":33,"column":17},"end":{"line":33,"column":37}},"13":{"start":{"line":34,"column":25},"end":{"line":34,"column":44}},"14":{"start":{"line":36,"column":4},"end":{"line":41,"column":5}},"15":{"start":{"line":37,"column":6},"end":{"line":40,"column":9}},"16":{"start":{"line":44,"column":19},"end":{"line":44,"column":54}},"17":{"start":{"line":46,"column":4},"end":{"line":46,"column":40}},"18":{"start":{"line":48,"column":4},"end":{"line":48,"column":55}},"19":{"start":{"line":50,"column":4},"end":{"line":53,"column":7}},"20":{"start":{"line":58,"column":18},"end":{"line":58,"column":62}},"21":{"start":{"line":59,"column":0},"end":{"line":59,"column":51}},"22":{"start":{"line":61,"column":0},"end":{"line":63,"column":2}}},"fnMap":{"0":{"name":"(anonymous_0)","decl":{"start":{"line":10,"column":22},"end":{"line":10,"column":23}},"loc":{"start":{"line":10,"column":42},"end":{"line":55,"column":1}},"line":10}},"branchMap":{"0":{"loc":{"start":{"line":14,"column":4},"end":{"line":19,"column":5}},"type":"if","locations":[{"start":{"line":14,"column":4},"end":{"line":19,"column":5}},{"start":{},"end":{}}],"line":14},"1":{"loc":{"start":{"line":14,"column":8},"end":{"line":14,"column":24}},"type":"binary-expr","locations":[{"start":{"line":14,"column":8},"end":{"line":14,"column":15}},{"start":{"line":14,"column":19},"end":{"line":14,"column":24}}],"line":14},"2":{"loc":{"start":{"line":26,"column":4},"end":{"line":31,"column":5}},"type":"if","locations":[{"start":{"line":26,"column":4},"end":{"line":31,"column":5}},{"start":{},"end":{}}],"line":26},"3":{"loc":{"start":{"line":36,"column":4},"end":{"line":41,"column":5}},"type":"if","locations":[{"start":{"line":36,"column":4},"end":{"line":41,"column":5}},{"start":{},"end":{}}],"line":36},"4":{"loc":{"start":{"line":52,"column":15},"end":{"line":52,"column":51}},"type":"binary-expr","locations":[{"start":{"line":52,"column":15},"end":{"line":52,"column":28}},{"start":{"line":52,"column":32},"end":{"line":52,"column":51}}],"line":52}},"s":{"0":1,"1":1,"2":1,"3":5,"4":5,"5":5,"6":1,"7":4,"8":4,"9":4,"10":4,"11":1,"12":3,"13":3,"14":3,"15":1,"16":2,"17":1,"18":1,"19":1,"20":1,"21":1,"22":1},"f":{"0":5},"b":{"0":[1,4],"1":[5,4],"2":[1,3],"3":[1,2],"4":[1,0]},"_coverageSchema":"1a1c01bbd47fc00a2c39e90264f33305004495a9","hash":"cd03d245534d9e8ffca5030e84f2380b4b80a1a6"}
,"/home/yasusu/google-cloud-system/functions/src/ocr.js": {"path":"/home/yasusu/google-cloud-system/functions/src/ocr.js","statementMap":{"0":{"start":{"line":1,"column":18},"end":{"line":1,"column":50}},"1":{"start":{"line":2,"column":41},"end":{"line":2,"column":76}},"2":{"start":{"line":3,"column":20},"end":{"line":3,"column":54}},"3":{"start":{"line":4,"column":15},"end":{"line":4,"column":40}},"4":{"start":{"line":5,"column":20},"end":{"line":5,"column":44}},"5":{"start":{"line":10,"column":15},"end":{"line":10,"column":45}},"6":{"start":{"line":13,"column":21},"end":{"line":15,"column":1}},"7":{"start":{"line":14,"column":2},"end":{"line":14,"column":31}},"8":{"start":{"line":17,"column":19},"end":{"line":19,"column":1}},"9":{"start":{"line":18,"column":2},"end":{"line":18,"column":29}},"10":{"start":{"line":22,"column":21},"end":{"line":27,"column":1}},"11":{"start":{"line":23,"column":2},"end":{"line":25,"column":3}},"12":{"start":{"line":24,"column":4},"end":{"line":24,"column":40}},"13":{"start":{"line":26,"column":2},"end":{"line":26,"column":27}},"14":{"start":{"line":30,"column":19},"end":{"line":35,"column":1}},"15":{"start":{"line":31,"column":2},"end":{"line":33,"column":3}},"16":{"start":{"line":32,"column":4},"end":{"line":32,"column":36}},"17":{"start":{"line":34,"column":2},"end":{"line":34,"column":25}},"18":{"start":{"line":38,"column":28},"end":{"line":43,"column":1}},"19":{"start":{"line":39,"column":2},"end":{"line":41,"column":3}},"20":{"start":{"line":40,"column":4},"end":{"line":40,"column":60}},"21":{"start":{"line":42,"column":2},"end":{"line":42,"column":26}},"22":{"start":{"line":52,"column":2},"end":{"line":52,"column":67}},"23":{"start":{"line":55,"column":20},"end":{"line":55,"column":34}},"24":{"start":{"line":56,"column":17},"end":{"line":56,"column":56}},"25":{"start":{"line":58,"column":2},"end":{"line":180,"column":3}},"26":{"start":{"line":60,"column":20},"end":{"line":60,"column":32}},"27":{"start":{"line":61,"column":19},"end":{"line":61,"column":45}},"28":{"start":{"line":62,"column":27},"end":{"line":62,"column":65}},"29":{"start":{"line":62,"column":49},"end":{"line":62,"column":64}},"30":{"start":{"line":64,"column":4},"end":{"line":68,"column":5}},"31":{"start":{"line":65,"column":20},"end":{"line":65,"column":63}},"32":{"start":{"line":66,"column":6},"end":{"line":66,"column":38}},"33":{"start":{"line":67,"column":6},"end":{"line":67,"column":18}},"34":{"start":{"line":70,"column":17},"end":{"line":70,"column":38}},"35":{"start":{"line":71,"column":25},"end":{"line":71,"column":61}},"36":{"start":{"line":71,"column":47},"end":{"line":71,"column":60}},"37":{"start":{"line":73,"column":4},"end":{"line":77,"column":5}},"38":{"start":{"line":74,"column":20},"end":{"line":74,"column":83}},"39":{"start":{"line":75,"column":6},"end":{"line":75,"column":36}},"40":{"start":{"line":76,"column":6},"end":{"line":76,"column":18}},"41":{"start":{"line":80,"column":26},"end":{"line":80,"column":64}},"42":{"start":{"line":80,"column":48},"end":{"line":80,"column":63}},"43":{"start":{"line":83,"column":20},"end":{"line":89,"column":5}},"44":{"start":{"line":92,"column":29},"end":{"line":92,"column":50}},"45":{"start":{"line":93,"column":42},"end":{"line":110,"column":5}},"46":{"start":{"line":94,"column":21},"end":{"line":94,"column":68}},"47":{"start":{"line":95,"column":6},"end":{"line":95,"column":71}},"48":{"start":{"line":97,"column":6},"end":{"line":101,"column":7}},"49":{"start":{"line":98,"column":22},"end":{"line":98,"column":66}},"50":{"start":{"line":99,"column":8},"end":{"line":99,"column":46}},"51":{"start":{"line":100,"column":8},"end":{"line":100,"column":20}},"52":{"start":{"line":103,"column":6},"end":{"line":107,"column":7}},"53":{"start":{"line":104,"column":22},"end":{"line":104,"column":71}},"54":{"start":{"line":105,"column":8},"end":{"line":105,"column":51}},"55":{"start":{"line":106,"column":8},"end":{"line":106,"column":20}},"56":{"start":{"line":109,"column":6},"end":{"line":109,"column":20}},"57":{"start":{"line":113,"column":4},"end":{"line":127,"column":5}},"58":{"start":{"line":114,"column":6},"end":{"line":114,"column":62}},"59":{"start":{"line":117,"column":6},"end":{"line":125,"column":9}},"60":{"start":{"line":126,"column":6},"end":{"line":126,"column":18}},"61":{"start":{"line":130,"column":21},"end":{"line":130,"column":24}},"62":{"start":{"line":131,"column":4},"end":{"line":137,"column":5}},"63":{"start":{"line":132,"column":26},"end":{"line":132,"column":109}},"64":{"start":{"line":132,"column":72},"end":{"line":132,"column":108}},"65":{"start":{"line":133,"column":6},"end":{"line":136,"column":7}},"66":{"start":{"line":134,"column":32},"end":{"line":134,"column":93}},"67":{"start":{"line":134,"column":67},"end":{"line":134,"column":89}},"68":{"start":{"line":135,"column":8},"end":{"line":135,"column":58}},"69":{"start":{"line":140,"column":26},"end":{"line":148,"column":5}},"70":{"start":{"line":151,"column":4},"end":{"line":151,"column":53}},"71":{"start":{"line":151,"column":26},"end":{"line":151,"column":51}},"72":{"start":{"line":153,"column":4},"end":{"line":158,"column":7}},"73":{"start":{"line":160,"column":4},"end":{"line":160,"column":25}},"74":{"start":{"line":162,"column":4},"end":{"line":166,"column":7}},"75":{"start":{"line":169,"column":4},"end":{"line":177,"column":8}},"76":{"start":{"line":169,"column":26},"end":{"line":177,"column":6}},"77":{"start":{"line":179,"column":4},"end":{"line":179,"column":16}},"78":{"start":{"line":183,"column":0},"end":{"line":187,"column":2}}},"fnMap":{"0":{"name":"(anonymous_0)","decl":{"start":{"line":13,"column":21},"end":{"line":13,"column":22}},"loc":{"start":{"line":13,"column":35},"end":{"line":15,"column":1}},"line":13},"1":{"name":"(anonymous_1)","decl":{"start":{"line":17,"column":19},"end":{"line":17,"column":20}},"loc":{"start":{"line":17,"column":33},"end":{"line":19,"column":1}},"line":17},"2":{"name":"(anonymous_2)","decl":{"start":{"line":22,"column":21},"end":{"line":22,"column":22}},"loc":{"start":{"line":22,"column":27},"end":{"line":27,"column":1}},"line":22},"3":{"name":"(anonymous_3)","decl":{"start":{"line":30,"column":19},"end":{"line":30,"column":20}},"loc":{"start":{"line":30,"column":25},"end":{"line":35,"column":1}},"line":30},"4":{"name":"(anonymous_4)","decl":{"start":{"line":38,"column":28},"end":{"line":38,"column":29}},"loc":{"start":{"line":38,"column":34},"end":{"line":43,"column":1}},"line":38},"5":{"name":"processDocument","decl":{"start":{"line":51,"column":15},"end":{"line":51,"column":30}},"loc":{"start":{"line":51,"column":53},"end":{"line":181,"column":1}},"line":51},"6":{"name":"(anonymous_6)","decl":{"start":{"line":62,"column":43},"end":{"line":62,"column":44}},"loc":{"start":{"line":62,"column":49},"end":{"line":62,"column":64}},"line":62},"7":{"name":"(anonymous_7)","decl":{"start":{"line":71,"column":41},"end":{"line":71,"column":42}},"loc":{"start":{"line":71,"column":47},"end":{"line":71,"column":60}},"line":71},"8":{"name":"(anonymous_8)","decl":{"start":{"line":80,"column":42},"end":{"line":80,"column":43}},"loc":{"start":{"line":80,"column":48},"end":{"line":80,"column":63}},"line":80},"9":{"name":"(anonymous_9)","decl":{"start":{"line":93,"column":42},"end":{"line":93,"column":43}},"loc":{"start":{"line":93,"column":54},"end":{"line":110,"column":5}},"line":93},"10":{"name":"(anonymous_10)","decl":{"start":{"line":132,"column":63},"end":{"line":132,"column":64}},"loc":{"start":{"line":132,"column":72},"end":{"line":132,"column":108}},"line":132},"11":{"name":"(anonymous_11)","decl":{"start":{"line":134,"column":51},"end":{"line":134,"column":52}},"loc":{"start":{"line":134,"column":67},"end":{"line":134,"column":89}},"line":134},"12":{"name":"(anonymous_12)","decl":{"start":{"line":151,"column":20},"end":{"line":151,"column":21}},"loc":{"start":{"line":151,"column":26},"end":{"line":151,"column":51}},"line":151},"13":{"name":"(anonymous_13)","decl":{"start":{"line":169,"column":20},"end":{"line":169,"column":21}},"loc":{"start":{"line":169,"column":26},"end":{"line":177,"column":6}},"line":169}},"branchMap":{"0":{"loc":{"start":{"line":23,"column":2},"end":{"line":25,"column":3}},"type":"if","locations":[{"start":{"line":23,"column":2},"end":{"line":25,"column":3}},{"start":{},"end":{}}],"line":23},"1":{"loc":{"start":{"line":31,"column":2},"end":{"line":33,"column":3}},"type":"if","locations":[{"start":{"line":31,"column":2},"end":{"line":33,"column":3}},{"start":{},"end":{}}],"line":31},"2":{"loc":{"start":{"line":39,"column":2},"end":{"line":41,"column":3}},"type":"if","locations":[{"start":{"line":39,"column":2},"end":{"line":41,"column":3}},{"start":{},"end":{}}],"line":39},"3":{"loc":{"start":{"line":64,"column":4},"end":{"line":68,"column":5}},"type":"if","locations":[{"start":{"line":64,"column":4},"end":{"line":68,"column":5}},{"start":{},"end":{}}],"line":64},"4":{"loc":{"start":{"line":73,"column":4},"end":{"line":77,"column":5}},"type":"if","locations":[{"start":{"line":73,"column":4},"end":{"line":77,"column":5}},{"start":{},"end":{}}],"line":73},"5":{"loc":{"start":{"line":97,"column":6},"end":{"line":101,"column":7}},"type":"if","locations":[{"start":{"line":97,"column":6},"end":{"line":101,"column":7}},{"start":{},"end":{}}],"line":97},"6":{"loc":{"start":{"line":97,"column":10},"end":{"line":97,"column":66}},"type":"binary-expr","locations":[{"start":{"line":97,"column":10},"end":{"line":97,"column":17}},{"start":{"line":97,"column":21},"end":{"line":97,"column":43}},{"start":{"line":97,"column":47},"end":{"line":97,"column":66}}],"line":97},"7":{"loc":{"start":{"line":103,"column":6},"end":{"line":107,"column":7}},"type":"if","locations":[{"start":{"line":103,"column":6},"end":{"line":107,"column":7}},{"start":{},"end":{}}],"line":103},"8":{"loc":{"start":{"line":103,"column":10},"end":{"line":103,"column":71}},"type":"binary-expr","locations":[{"start":{"line":103,"column":10},"end":{"line":103,"column":20}},{"start":{"line":103,"column":24},"end":{"line":103,"column":43}},{"start":{"line":103,"column":47},"end":{"line":103,"column":71}}],"line":103},"9":{"loc":{"start":{"line":120,"column":19},"end":{"line":120,"column":48}},"type":"binary-expr","locations":[{"start":{"line":120,"column":19},"end":{"line":120,"column":29}},{"start":{"line":120,"column":33},"end":{"line":120,"column":48}}],"line":120},"10":{"loc":{"start":{"line":131,"column":4},"end":{"line":137,"column":5}},"type":"if","locations":[{"start":{"line":131,"column":4},"end":{"line":137,"column":5}},{"start":{},"end":{}}],"line":131},"11":{"loc":{"start":{"line":131,"column":8},"end":{"line":131,"column":85}},"type":"binary-expr","locations":[{"start":{"line":131,"column":8},"end":{"line":131,"column":37}},{"start":{"line":131,"column":41},"end":{"line":131,"column":85}}],"line":131},"12":{"loc":{"start":{"line":133,"column":6},"end":{"line":136,"column":7}},"type":"if","locations":[{"start":{"line":133,"column":6},"end":{"line":136,"column":7}},{"start":{},"end":{}}],"line":133},"13":{"loc":{"start":{"line":142,"column":12},"end":{"line":142,"column":41}},"type":"binary-expr","locations":[{"start":{"line":142,"column":12},"end":{"line":142,"column":35}},{"start":{"line":142,"column":39},"end":{"line":142,"column":41}}],"line":142}},"s":{"0":3,"1":3,"2":3,"3":3,"4":3,"5":3,"6":3,"7":5,"8":3,"9":5,"10":3,"11":6,"12":0,"13":6,"14":3,"15":6,"16":0,"17":6,"18":3,"19":3,"20":1,"21":3,"22":6,"23":6,"24":6,"25":6,"26":6,"27":6,"28":6,"29":6,"30":6,"31":1,"32":1,"33":1,"34":5,"35":5,"36":9,"37":4,"38":1,"39":1,"40":1,"41":3,"42":3,"43":3,"44":3,"45":3,"46":5,"47":5,"48":5,"49":3,"50":3,"51":3,"52":2,"53":0,"54":0,"55":0,"56":2,"57":3,"58":3,"59":1,"60":1,"61":2,"62":2,"63":2,"64":4,"65":2,"66":2,"67":4,"68":2,"69":2,"70":2,"71":2,"72":2,"73":2,"74":4,"75":4,"76":4,"77":4,"78":3},"f":{"0":5,"1":5,"2":6,"3":6,"4":3,"5":6,"6":6,"7":9,"8":3,"9":5,"10":4,"11":4,"12":2,"13":4},"b":{"0":[0,6],"1":[0,6],"2":[1,2],"3":[1,5],"4":[1,3],"5":[3,2],"6":[5,5,5],"7":[0,2],"8":[2,2,2],"9":[1,0],"10":[2,0],"11":[2,2],"12":[2,0],"13":[2,0]},"_coverageSchema":"1a1c01bbd47fc00a2c39e90264f33305004495a9","hash":"29c8daff07dda38efe93c39c02e87127b516b084"}
,"/home/yasusu/google-cloud-system/functions/src/pubsub.js": {"path":"/home/yasusu/google-cloud-system/functions/src/pubsub.js","statementMap":{"0":{"start":{"line":1,"column":18},"end":{"line":1,"column":62}},"1":{"start":{"line":2,"column":26},"end":{"line":2,"column":42}},"2":{"start":{"line":10,"column":2},"end":{"line":27,"column":3}},"3":{"start":{"line":12,"column":17},"end":{"line":12,"column":75}},"4":{"start":{"line":15,"column":4},"end":{"line":17,"column":5}},"5":{"start":{"line":16,"column":6},"end":{"line":16,"column":49}},"6":{"start":{"line":20,"column":4},"end":{"line":20,"column":50}},"7":{"start":{"line":23,"column":4},"end":{"line":25,"column":5}},"8":{"start":{"line":24,"column":6},"end":{"line":24,"column":46}},"9":{"start":{"line":26,"column":4},"end":{"line":26,"column":16}},"10":{"start":{"line":30,"column":0},"end":{"line":32,"column":2}}},"fnMap":{"0":{"name":"handlePubSubMessage","decl":{"start":{"line":9,"column":15},"end":{"line":9,"column":34}},"loc":{"start":{"line":9,"column":53},"end":{"line":28,"column":1}},"line":9}},"branchMap":{"0":{"loc":{"start":{"line":15,"column":4},"end":{"line":17,"column":5}},"type":"if","locations":[{"start":{"line":15,"column":4},"end":{"line":17,"column":5}},{"start":{},"end":{}}],"line":15},"1":{"loc":{"start":{"line":15,"column":8},"end":{"line":15,"column":34}},"type":"binary-expr","locations":[{"start":{"line":15,"column":8},"end":{"line":15,"column":20}},{"start":{"line":15,"column":24},"end":{"line":15,"column":34}}],"line":15},"2":{"loc":{"start":{"line":23,"column":4},"end":{"line":25,"column":5}},"type":"if","locations":[{"start":{"line":23,"column":4},"end":{"line":25,"column":5}},{"start":{},"end":{}}],"line":23}},"s":{"0":1,"1":1,"2":4,"3":4,"4":3,"5":1,"6":2,"7":3,"8":1,"9":2,"10":1},"f":{"0":4},"b":{"0":[1,2],"1":[3,3],"2":[1,2]},"_coverageSchema":"1a1c01bbd47fc00a2c39e90264f33305004495a9","hash":"5d5c307f011053c68a9f1af7b5b36b88981b6133"}
,"/home/yasusu/google-cloud-system/functions/src/utils/logger.js": {"path":"/home/yasusu/google-cloud-system/functions/src/utils/logger.js","statementMap":{"0":{"start":{"line":6,"column":4},"end":{"line":6,"column":27}},"1":{"start":{"line":17,"column":4},"end":{"line":23,"column":6}},"2":{"start":{"line":27,"column":4},"end":{"line":27,"column":71}},"3":{"start":{"line":31,"column":4},"end":{"line":38,"column":9}},"4":{"start":{"line":42,"column":4},"end":{"line":42,"column":75}},"5":{"start":{"line":46,"column":0},"end":{"line":46,"column":24}}},"fnMap":{"0":{"name":"(anonymous_0)","decl":{"start":{"line":5,"column":2},"end":{"line":5,"column":3}},"loc":{"start":{"line":5,"column":28},"end":{"line":7,"column":3}},"line":5},"1":{"name":"(anonymous_1)","decl":{"start":{"line":16,"column":2},"end":{"line":16,"column":3}},"loc":{"start":{"line":16,"column":42},"end":{"line":24,"column":3}},"line":16},"2":{"name":"(anonymous_2)","decl":{"start":{"line":26,"column":2},"end":{"line":26,"column":3}},"loc":{"start":{"line":26,"column":27},"end":{"line":28,"column":3}},"line":26},"3":{"name":"(anonymous_3)","decl":{"start":{"line":30,"column":2},"end":{"line":30,"column":3}},"loc":{"start":{"line":30,"column":35},"end":{"line":39,"column":3}},"line":30},"4":{"name":"(anonymous_4)","decl":{"start":{"line":41,"column":2},"end":{"line":41,"column":3}},"loc":{"start":{"line":41,"column":27},"end":{"line":43,"column":3}},"line":41}},"branchMap":{"0":{"loc":{"start":{"line":5,"column":14},"end":{"line":5,"column":26}},"type":"default-arg","locations":[{"start":{"line":5,"column":24},"end":{"line":5,"column":26}}],"line":5},"1":{"loc":{"start":{"line":16,"column":31},"end":{"line":16,"column":40}},"type":"default-arg","locations":[{"start":{"line":16,"column":38},"end":{"line":16,"column":40}}],"line":16},"2":{"loc":{"start":{"line":26,"column":16},"end":{"line":26,"column":25}},"type":"default-arg","locations":[{"start":{"line":26,"column":23},"end":{"line":26,"column":25}}],"line":26},"3":{"loc":{"start":{"line":30,"column":24},"end":{"line":30,"column":33}},"type":"default-arg","locations":[{"start":{"line":30,"column":31},"end":{"line":30,"column":33}}],"line":30},"4":{"loc":{"start":{"line":41,"column":16},"end":{"line":41,"column":25}},"type":"default-arg","locations":[{"start":{"line":41,"column":23},"end":{"line":41,"column":25}}],"line":41}},"s":{"0":2,"1":0,"2":0,"3":0,"4":0,"5":3},"f":{"0":2,"1":0,"2":0,"3":0,"4":0},"b":{"0":[0],"1":[0],"2":[0],"3":[0],"4":[0]},"_coverageSchema":"1a1c01bbd47fc00a2c39e90264f33305004495a9","hash":"1b4809ced92e43d984e8de7c408fd3ce070e721e"}
,"/home/yasusu/google-cloud-system/functions/src/utils/retry.js": {"path":"/home/yasusu/google-cloud-system/functions/src/utils/retry.js","statementMap":{"0":{"start":{"line":11,"column":22},"end":{"line":11,"column":46}},"1":{"start":{"line":12,"column":23},"end":{"line":12,"column":51}},"2":{"start":{"line":13,"column":19},"end":{"line":13,"column":43}},"3":{"start":{"line":15,"column":16},"end":{"line":15,"column":17}},"4":{"start":{"line":16,"column":14},"end":{"line":16,"column":26}},"5":{"start":{"line":18,"column":2},"end":{"line":32,"column":3}},"6":{"start":{"line":19,"column":4},"end":{"line":31,"column":5}},"7":{"start":{"line":20,"column":6},"end":{"line":20,"column":24}},"8":{"start":{"line":22,"column":6},"end":{"line":24,"column":7}},"9":{"start":{"line":23,"column":8},"end":{"line":23,"column":20}},"10":{"start":{"line":26,"column":6},"end":{"line":26,"column":74}},"11":{"start":{"line":27,"column":6},"end":{"line":27,"column":63}},"12":{"start":{"line":27,"column":35},"end":{"line":27,"column":61}},"13":{"start":{"line":29,"column":6},"end":{"line":29,"column":44}},"14":{"start":{"line":30,"column":6},"end":{"line":30,"column":16}},"15":{"start":{"line":35,"column":0},"end":{"line":37,"column":2}}},"fnMap":{"0":{"name":"withRetry","decl":{"start":{"line":10,"column":15},"end":{"line":10,"column":24}},"loc":{"start":{"line":10,"column":43},"end":{"line":33,"column":1}},"line":10},"1":{"name":"(anonymous_1)","decl":{"start":{"line":27,"column":24},"end":{"line":27,"column":25}},"loc":{"start":{"line":27,"column":35},"end":{"line":27,"column":61}},"line":27}},"branchMap":{"0":{"loc":{"start":{"line":10,"column":29},"end":{"line":10,"column":41}},"type":"default-arg","locations":[{"start":{"line":10,"column":39},"end":{"line":10,"column":41}}],"line":10},"1":{"loc":{"start":{"line":11,"column":22},"end":{"line":11,"column":46}},"type":"binary-expr","locations":[{"start":{"line":11,"column":22},"end":{"line":11,"column":41}},{"start":{"line":11,"column":45},"end":{"line":11,"column":46}}],"line":11},"2":{"loc":{"start":{"line":12,"column":23},"end":{"line":12,"column":51}},"type":"binary-expr","locations":[{"start":{"line":12,"column":23},"end":{"line":12,"column":43}},{"start":{"line":12,"column":47},"end":{"line":12,"column":51}}],"line":12},"3":{"loc":{"start":{"line":13,"column":19},"end":{"line":13,"column":43}},"type":"binary-expr","locations":[{"start":{"line":13,"column":19},"end":{"line":13,"column":35}},{"start":{"line":13,"column":39},"end":{"line":13,"column":43}}],"line":13},"4":{"loc":{"start":{"line":22,"column":6},"end":{"line":24,"column":7}},"type":"if","locations":[{"start":{"line":22,"column":6},"end":{"line":24,"column":7}},{"start":{},"end":{}}],"line":22}},"s":{"0":23,"1":23,"2":23,"3":23,"4":23,"5":23,"6":29,"7":29,"8":8,"9":2,"10":6,"11":6,"12":6,"13":6,"14":6,"15":3},"f":{"0":23,"1":6},"b":{"0":[23],"1":[23,23],"2":[23,23],"3":[23,23],"4":[2,6]},"_coverageSchema":"1a1c01bbd47fc00a2c39e90264f33305004495a9","hash":"277fbcc0a533f5f56c8e47c87b452622a14fcd79"}
,"/home/yasusu/google-cloud-system/functions/src/utils/test-helpers.js": {"path":"/home/yasusu/google-cloud-system/functions/src/utils/test-helpers.js","statementMap":{"0":{"start":{"line":10,"column":13},"end":{"line":10,"column":68}},"1":{"start":{"line":10,"column":21},"end":{"line":10,"column":68}},"2":{"start":{"line":10,"column":44},"end":{"line":10,"column":67}},"3":{"start":{"line":18,"column":25},"end":{"line":27,"column":1}},"4":{"start":{"line":19,"column":20},"end":{"line":19,"column":30}},"5":{"start":{"line":20,"column":2},"end":{"line":25,"column":3}},"6":{"start":{"line":21,"column":4},"end":{"line":23,"column":5}},"7":{"start":{"line":22,"column":6},"end":{"line":22,"column":13}},"8":{"start":{"line":24,"column":4},"end":{"line":24,"column":20}},"9":{"start":{"line":26,"column":2},"end":{"line":26,"column":46}},"10":{"start":{"line":29,"column":0},"end":{"line":32,"column":2}}},"fnMap":{"0":{"name":"(anonymous_0)","decl":{"start":{"line":10,"column":13},"end":{"line":10,"column":14}},"loc":{"start":{"line":10,"column":21},"end":{"line":10,"column":68}},"line":10},"1":{"name":"(anonymous_1)","decl":{"start":{"line":10,"column":33},"end":{"line":10,"column":34}},"loc":{"start":{"line":10,"column":44},"end":{"line":10,"column":67}},"line":10},"2":{"name":"(anonymous_2)","decl":{"start":{"line":18,"column":25},"end":{"line":18,"column":26}},"loc":{"start":{"line":18,"column":66},"end":{"line":27,"column":1}},"line":18}},"branchMap":{"0":{"loc":{"start":{"line":18,"column":47},"end":{"line":18,"column":61}},"type":"default-arg","locations":[{"start":{"line":18,"column":57},"end":{"line":18,"column":61}}],"line":18},"1":{"loc":{"start":{"line":21,"column":4},"end":{"line":23,"column":5}},"type":"if","locations":[{"start":{"line":21,"column":4},"end":{"line":23,"column":5}},{"start":{},"end":{}}],"line":21}},"s":{"0":1,"1":0,"2":0,"3":1,"4":0,"5":0,"6":0,"7":0,"8":0,"9":0,"10":1},"f":{"0":0,"1":0,"2":0},"b":{"0":[0],"1":[0,0]},"_coverageSchema":"1a1c01bbd47fc00a2c39e90264f33305004495a9","hash":"60196d7736e7780e701e55fea559c02b037ec4df"}
}
