TN:
SF:src/index.js
FN:10,(anonymous_0)
FNF:1
FNH:1
FNDA:5,(anonymous_0)
DA:1,1
DA:2,1
DA:10,1
DA:11,5
DA:12,5
DA:14,5
DA:15,1
DA:22,4
DA:23,4
DA:24,4
DA:26,4
DA:27,1
DA:33,3
DA:34,3
DA:36,3
DA:37,1
DA:44,2
DA:46,1
DA:48,1
DA:50,1
DA:58,1
DA:59,1
DA:61,1
LF:23
LH:23
BRDA:14,0,0,1
BRDA:14,0,1,4
BRDA:14,1,0,5
BRDA:14,1,1,4
BRDA:26,2,0,1
BRDA:26,2,1,3
BRDA:36,3,0,1
BRDA:36,3,1,2
BRDA:52,4,0,1
BRDA:52,4,1,0
BRF:10
BRH:9
end_of_record
TN:
SF:src/ocr.js
FN:13,(anonymous_0)
FN:17,(anonymous_1)
FN:22,(anonymous_2)
FN:30,(anonymous_3)
FN:38,(anonymous_4)
FN:51,processDocument
FN:62,(anonymous_6)
FN:71,(anonymous_7)
FN:80,(anonymous_8)
FN:93,(anonymous_9)
FN:132,(anonymous_10)
FN:134,(anonymous_11)
FN:151,(anonymous_12)
FN:169,(anonymous_13)
FNF:14
FNH:14
FNDA:5,(anonymous_0)
FNDA:5,(anonymous_1)
FNDA:6,(anonymous_2)
FNDA:6,(anonymous_3)
FNDA:3,(anonymous_4)
FNDA:6,processDocument
FNDA:6,(anonymous_6)
FNDA:9,(anonymous_7)
FNDA:3,(anonymous_8)
FNDA:5,(anonymous_9)
FNDA:4,(anonymous_10)
FNDA:4,(anonymous_11)
FNDA:2,(anonymous_12)
FNDA:4,(anonymous_13)
DA:1,3
DA:2,3
DA:3,3
DA:4,3
DA:5,3
DA:10,3
DA:13,3
DA:14,5
DA:17,3
DA:18,5
DA:22,3
DA:23,6
DA:24,0
DA:26,6
DA:30,3
DA:31,6
DA:32,0
DA:34,6
DA:38,3
DA:39,3
DA:40,1
DA:42,3
DA:52,6
DA:55,6
DA:56,6
DA:58,6
DA:60,6
DA:61,6
DA:62,6
DA:64,6
DA:65,1
DA:66,1
DA:67,1
DA:70,5
DA:71,9
DA:73,4
DA:74,1
DA:75,1
DA:76,1
DA:80,3
DA:83,3
DA:92,3
DA:93,3
DA:94,5
DA:95,5
DA:97,5
DA:98,3
DA:99,3
DA:100,3
DA:103,2
DA:104,0
DA:105,0
DA:106,0
DA:109,2
DA:113,3
DA:114,3
DA:117,1
DA:126,1
DA:130,2
DA:131,2
DA:132,4
DA:133,2
DA:134,4
DA:135,2
DA:140,2
DA:151,2
DA:153,2
DA:160,2
DA:162,4
DA:169,4
DA:179,4
DA:183,3
LF:72
LH:67
BRDA:23,0,0,0
BRDA:23,0,1,6
BRDA:31,1,0,0
BRDA:31,1,1,6
BRDA:39,2,0,1
BRDA:39,2,1,2
BRDA:64,3,0,1
BRDA:64,3,1,5
BRDA:73,4,0,1
BRDA:73,4,1,3
BRDA:97,5,0,3
BRDA:97,5,1,2
BRDA:97,6,0,5
BRDA:97,6,1,5
BRDA:97,6,2,5
BRDA:103,7,0,0
BRDA:103,7,1,2
BRDA:103,8,0,2
BRDA:103,8,1,2
BRDA:103,8,2,2
BRDA:120,9,0,1
BRDA:120,9,1,0
BRDA:131,10,0,2
BRDA:131,10,1,0
BRDA:131,11,0,2
BRDA:131,11,1,2
BRDA:133,12,0,2
BRDA:133,12,1,0
BRDA:142,13,0,2
BRDA:142,13,1,0
BRF:30
BRH:23
end_of_record
TN:
SF:src/pubsub.js
FN:9,handlePubSubMessage
FNF:1
FNH:1
FNDA:4,handlePubSubMessage
DA:1,1
DA:2,1
DA:10,4
DA:12,4
DA:15,3
DA:16,1
DA:20,2
DA:23,3
DA:24,1
DA:26,2
DA:30,1
LF:11
LH:11
BRDA:15,0,0,1
BRDA:15,0,1,2
BRDA:15,1,0,3
BRDA:15,1,1,3
BRDA:23,2,0,1
BRDA:23,2,1,2
BRF:6
BRH:6
end_of_record
TN:
SF:src/utils/logger.js
FN:5,(anonymous_0)
FN:16,(anonymous_1)
FN:26,(anonymous_2)
FN:30,(anonymous_3)
FN:41,(anonymous_4)
FNF:5
FNH:1
FNDA:2,(anonymous_0)
FNDA:0,(anonymous_1)
FNDA:0,(anonymous_2)
FNDA:0,(anonymous_3)
FNDA:0,(anonymous_4)
DA:6,2
DA:17,0
DA:27,0
DA:31,0
DA:42,0
DA:46,3
LF:6
LH:2
BRDA:5,0,0,0
BRDA:16,1,0,0
BRDA:26,2,0,0
BRDA:30,3,0,0
BRDA:41,4,0,0
BRF:5
BRH:0
end_of_record
TN:
SF:src/utils/retry.js
FN:10,withRetry
FN:27,(anonymous_1)
FNF:2
FNH:2
FNDA:23,withRetry
FNDA:6,(anonymous_1)
DA:11,23
DA:12,23
DA:13,23
DA:15,23
DA:16,23
DA:18,23
DA:19,29
DA:20,29
DA:22,8
DA:23,2
DA:26,6
DA:27,6
DA:29,6
DA:30,6
DA:35,3
LF:15
LH:15
BRDA:10,0,0,23
BRDA:11,1,0,23
BRDA:11,1,1,23
BRDA:12,2,0,23
BRDA:12,2,1,23
BRDA:13,3,0,23
BRDA:13,3,1,23
BRDA:22,4,0,2
BRDA:22,4,1,6
BRF:9
BRH:9
end_of_record
TN:
SF:src/utils/test-helpers.js
FN:10,(anonymous_0)
FN:10,(anonymous_1)
FN:18,(anonymous_2)
FNF:3
FNH:0
FNDA:0,(anonymous_0)
FNDA:0,(anonymous_1)
FNDA:0,(anonymous_2)
DA:10,1
DA:18,1
DA:19,0
DA:20,0
DA:21,0
DA:22,0
DA:24,0
DA:26,0
DA:29,1
LF:9
LH:3
BRDA:18,0,0,0
BRDA:21,1,0,0
BRDA:21,1,1,0
BRF:3
BRH:0
end_of_record
